<?xml version="1.0" encoding="UTF-8" ?>
<testsuite tests="8" failures="0" name="com.factions.FactionsIntegrationTest" time="1.059" errors="0" skipped="0">
  <properties>
[...]
</properties>
  <testcase classname="com.factions.FactionsIntegrationTest" name="com.factions.FactionsIntegrationTest.testPowerCalculation" time="0.477"/>
  <testcase classname="com.factions.FactionsIntegrationTest" name="com.factions.FactionsIntegrationTest.testClaimChunk" time="0.094"/>
  <testcase classname="com.factions.FactionsIntegrationTest" name="com.factions.FactionsIntegrationTest.testClaimLimit" time="0.085"/>
  <testcase classname="com.factions.FactionsIntegrationTest" name="com.factions.FactionsIntegrationTest.testRelationManagement" time="0.105"/>
  <testcase classname="com.factions.FactionsIntegrationTest" name="com.factions.FactionsIntegrationTest.testMemberManagement" time="0.109"/>
  <testcase classname="com.factions.FactionsIntegrationTest" name="com.factions.FactionsIntegrationTest.testFactionPersistence" time="0.069"/>
  <testcase classname="com.factions.FactionsIntegrationTest" name="com.factions.FactionsIntegrationTest.testPowerRegeneration" time="0.06"/>
  <testcase classname="com.factions.FactionsIntegrationTest" name="com.factions.FactionsIntegrationTest.testCreateFaction" time="0.06"/>
</testsuite>